Arguments: 
  /home/farhan/.nvm/versions/node/v16.15.1/bin/node /home/farhan/.nvm/versions/node/v16.15.1/bin/yarn add mondodb

PATH: 
  /home/farhan/.yarn/bin:/home/farhan/.config/yarn/global/node_modules/.bin:/home/farhan/.yarn/bin:/home/farhan/.config/yarn/global/node_modules/.bin:/home/farhan/.nvm/versions/node/v16.15.1/bin:/usr/local/sbin:/usr/local/bin:/usr/sbin:/usr/bin:/sbin:/bin:/usr/games:/usr/local/games:/snap/bin:/snap/bin:/home/farhan/.local/bin:/home/farhan/.config/composer/vendor/bin:/home/farhan/.yarn/bin:/home/farhan/.local/bin:/home/farhan/.config/composer/vendor/bin

Yarn version: 
  1.22.19

Node version: 
  16.15.1

Platform: 
  linux x64

Trace: 
  Error: https://registry.yarnpkg.com/mondodb: Not found
      at Request.params.callback [as _callback] (/home/farhan/.nvm/versions/node/v16.15.1/lib/node_modules/yarn/lib/cli.js:66145:18)
      at Request.self.callback (/home/farhan/.nvm/versions/node/v16.15.1/lib/node_modules/yarn/lib/cli.js:140890:22)
      at Request.emit (node:events:527:28)
      at Request.<anonymous> (/home/farhan/.nvm/versions/node/v16.15.1/lib/node_modules/yarn/lib/cli.js:141862:10)
      at Request.emit (node:events:527:28)
      at IncomingMessage.<anonymous> (/home/farhan/.nvm/versions/node/v16.15.1/lib/node_modules/yarn/lib/cli.js:141784:12)
      at Object.onceWrapper (node:events:641:28)
      at IncomingMessage.emit (node:events:539:35)
      at endReadableNT (node:internal/streams/readable:1345:12)
      at processTicksAndRejections (node:internal/process/task_queues:83:21)

npm manifest: 
  {
    "name": "auth",
    "version": "1.0.0",
    "description": "",
    "main": "index.js",
    "scripts": {
      "test": "echo \"Error: no test specified\" && exit 1"
    },
    "author": "",
    "license": "ISC",
    "dependencies": {
      "mongose": "^0.0.2-security"
    }
  }

yarn manifest: 
  No manifest

Lockfile: 
  # THIS IS AN AUTOGENERATED FILE. DO NOT EDIT THIS FILE DIRECTLY.
  # yarn lockfile v1
  
  
  mongose@^0.0.2-security:
    version "0.0.2-security"
    resolved "https://registry.yarnpkg.com/mongose/-/mongose-0.0.2-security.tgz#34640fa153c935371993ad8c0cc1a96f35f8be9b"
    integrity sha512-XJUBQHhC/12+hWtrcB1Ww+gkxSzbxg4VdjpNlBQGvFoyPm1bErhA+3n/IkWbGCkavFB1OSycpvpCRphPsZXgLw==
